<?xml version="1.0" encoding="utf-8"?><testsuites name="pytest tests"><testsuite name="pytest" errors="0" failures="0" skipped="0" tests="8" time="2.849" timestamp="2026-06-30T08:02:07.906324+00:00" hostname="agent-env-69ab80e5-3286-428a-abda-7fb04eec6598"><testcase classname="backend.tests.test_demo_request.TestRoot" name="test_root" time="0.206" /><testcase classname="backend.tests.test_demo_request.TestDemoRequest" name="test_create_demo_request_success" time="1.778" /><testcase classname="backend.tests.test_demo_request.TestDemoRequest" name="test_create_demo_request_invalid_email" time="0.096" /><testcase classname="backend.tests.test_demo_request.TestDemoRequest" name="test_create_demo_request_missing_fields" time="0.121" /><testcase classname="backend.tests.test_demo_request.TestDemoRequest" name="test_list_demo_requests" time="0.089" /><testcase classname="backend.tests.test_demo_request.TestChat" name="test_chat_empty" time="0.093" /><testcase classname="backend.tests.test_demo_request.TestChat" name="test_chat_voice_topic" time="0.125" /><testcase classname="backend.tests.test_demo_request.TestChat" name="test_chat_fallback" time="0.124" /></testsuite></testsuites>