<?xml version="1.0" encoding="utf-8"?><testsuites name="pytest tests"><testsuite name="pytest" errors="0" failures="0" skipped="0" tests="17" time="0.932" timestamp="2026-06-27T13:25:30.563449+00:00" hostname="agent-env-69ab80e5-3286-428a-abda-7fb04eec6598"><testcase classname="backend.tests.test_deploy_workflow" name="test_workflow_file_exists" time="0.000" /><testcase classname="backend.tests.test_deploy_workflow" name="test_readme_file_exists" time="0.000" /><testcase classname="backend.tests.test_deploy_workflow" name="test_yarn_lockfile_exists" time="0.000" /><testcase classname="backend.tests.test_deploy_workflow" name="test_craco_config_exists" time="0.000" /><testcase classname="backend.tests.test_deploy_workflow" name="test_workflow_yaml_is_valid" time="0.003" /><testcase classname="backend.tests.test_deploy_workflow" name="test_workflow_does_not_use_presshold" time="0.000" /><testcase classname="backend.tests.test_deploy_workflow" name="test_uses_checkout_v4" time="0.000" /><testcase classname="backend.tests.test_deploy_workflow" name="test_uses_setup_node_v4_with_node20_and_yarn_cache" time="0.000" /><testcase classname="backend.tests.test_deploy_workflow" name="test_uses_samkirkland_ftp_deploy" time="0.000" /><testcase classname="backend.tests.test_deploy_workflow" name="test_samkirkland_action_exists_on_github" time="0.451" /><testcase classname="backend.tests.test_deploy_workflow" name="test_samkirkland_tag_v4_3_5_exists" time="0.432" /><testcase classname="backend.tests.test_deploy_workflow" name="test_ftp_step_has_correct_hostinger_config" time="0.000" /><testcase classname="backend.tests.test_deploy_workflow" name="test_install_step_uses_frozen_lockfile_in_frontend" time="0.000" /><testcase classname="backend.tests.test_deploy_workflow" name="test_build_step_uses_yarn_build_in_frontend" time="0.000" /><testcase classname="backend.tests.test_deploy_workflow" name="test_required_secrets_referenced" time="0.000" /><testcase classname="backend.tests.test_deploy_workflow" name="test_package_json_build_uses_craco" time="0.000" /><testcase classname="backend.tests.test_deploy_workflow" name="test_readme_documents_required_secrets" time="0.000" /></testsuite></testsuites>