<?xml version="1.0" encoding="utf-8"?><testsuites name="pytest tests"><testsuite name="pytest" errors="0" failures="0" skipped="0" tests="16" time="1.024" timestamp="2026-06-24T15:25:26.716031+00:00" hostname="agent-env-69ab80e5-3286-428a-abda-7fb04eec6598"><testcase classname="backend.tests.backend_test.TestRoot" name="test_root" time="0.161" /><testcase classname="backend.tests.backend_test.TestChat" name="test_chat_keyword_returns_relevant_reply[Tell me about voice agents-Voice]" time="0.048" /><testcase classname="backend.tests.backend_test.TestChat" name="test_chat_keyword_returns_relevant_reply[How does multi-agent work?-Multi-Agent]" time="0.046" /><testcase classname="backend.tests.backend_test.TestChat" name="test_chat_keyword_returns_relevant_reply[Do you integrate with our CRM?-integrate]" time="0.053" /><testcase classname="backend.tests.backend_test.TestChat" name="test_chat_keyword_returns_relevant_reply[I want a demo-Book]" time="0.047" /><testcase classname="backend.tests.backend_test.TestChat" name="test_chat_keyword_returns_relevant_reply[What is your pricing?-Pricing]" time="0.044" /><testcase classname="backend.tests.backend_test.TestChat" name="test_chat_keyword_returns_relevant_reply[Tell me about BYOP bring-BYOP]" time="0.044" /><testcase classname="backend.tests.backend_test.TestChat" name="test_chat_empty_returns_400" time="0.044" /><testcase classname="backend.tests.backend_test.TestChat" name="test_chat_whitespace_returns_400" time="0.043" /><testcase classname="backend.tests.backend_test.TestChat" name="test_chat_fallback_for_unknown" time="0.051" /><testcase classname="backend.tests.backend_test.TestDemoRequest" name="test_create_valid_demo_request" time="0.100" /><testcase classname="backend.tests.backend_test.TestDemoRequest" name="test_create_minimal_payload" time="0.044" /><testcase classname="backend.tests.backend_test.TestDemoRequest" name="test_invalid_email_returns_422" time="0.044" /><testcase classname="backend.tests.backend_test.TestDemoRequest" name="test_missing_required_returns_422" time="0.043" /><testcase classname="backend.tests.backend_test.TestDemoRequestList" name="test_list_returns_array" time="0.044" /><testcase classname="backend.tests.backend_test.TestDemoRequestList" name="test_list_does_not_expose_object_id" time="0.094" /></testsuite></testsuites>